[debug] [2022-12-10T16:33:09.572Z] ----------------------------------------------------------------------
[debug] [2022-12-10T16:33:09.574Z] Command:       C:\Program Files\nodejs\node.exe C:\Users\hppav\AppData\Roaming\npm\node_modules\firebase-tools\lib\bin\firebase.js init
[debug] [2022-12-10T16:33:09.575Z] CLI Version:   11.17.0
[debug] [2022-12-10T16:33:09.575Z] Platform:      win32
[debug] [2022-12-10T16:33:09.575Z] Node Version:  v18.12.1
[debug] [2022-12-10T16:33:09.576Z] Time:          Sat Dec 10 2022 17:33:09 GMT+0100 (Central European Standard Time)
[debug] [2022-12-10T16:33:09.576Z] ----------------------------------------------------------------------
[debug] 
[debug] [2022-12-10T16:33:09.587Z] > command requires scopes: ["email","openid","https://www.googleapis.com/auth/cloudplatformprojects.readonly","https://www.googleapis.com/auth/firebase","https://www.googleapis.com/auth/cloud-platform"]
[debug] [2022-12-10T16:33:09.588Z] > authorizing via signed-in user (tricktotrip@gmail.com)
[info] 
     ######## #### ########  ######## ########     ###     ######  ########
     ##        ##  ##     ## ##       ##     ##  ##   ##  ##       ##
     ######    ##  ########  ######   ########  #########  ######  ######
     ##        ##  ##    ##  ##       ##     ## ##     ##       ## ##
     ##       #### ##     ## ######## ########  ##     ##  ######  ########

You're about to initialize a Firebase project in this directory:

  C:\Users\hppav\OneDrive\Desktop\Blockbuster

[info] 
=== Project Setup
[info] 
[info] First, let's associate this project directory with a Firebase project.
[info] You can create multiple project aliases by running firebase use --add, 
[info] but for now we'll just set up a default project.
[info] 
[debug] [2022-12-10T16:35:24.741Z] >>> [apiv2][query] GET https://firebase.googleapis.com/v1beta1/projects pageSize=100
[debug] [2022-12-10T16:35:25.369Z] <<< [apiv2][status] GET https://firebase.googleapis.com/v1beta1/projects 200
[debug] [2022-12-10T16:35:25.369Z] <<< [apiv2][body] GET https://firebase.googleapis.com/v1beta1/projects [omitted]
[info] i  Using project blockbuster-6384b (blockbuster) 
[info] 
=== Hosting Setup
[info] 
[info] Your public directory is the folder (relative to your project directory) that
[info] will contain Hosting assets to be uploaded with firebase deploy. If you
[info] have a build process for your assets, use your build's output directory.
[info] 
